{"/Users/emma/Desktop/ProyectosPersonales/JestIntroduction/src/calculator/index.js": {"path":"/Users/emma/Desktop/ProyectosPersonales/JestIntroduction/src/calculator/index.js","statementMap":{"0":{"start":{"line":19,"column":26},"end":{"line":32,"column":1}},"1":{"start":{"line":21,"column":8},"end":{"line":21,"column":21}},"2":{"start":{"line":24,"column":8},"end":{"line":24,"column":21}},"3":{"start":{"line":27,"column":8},"end":{"line":27,"column":21}},"4":{"start":{"line":30,"column":8},"end":{"line":30,"column":21}}},"fnMap":{"0":{"name":"(anonymous_0)","decl":{"start":{"line":20,"column":4},"end":{"line":20,"column":5}},"loc":{"start":{"line":20,"column":14},"end":{"line":22,"column":5}},"line":20},"1":{"name":"(anonymous_1)","decl":{"start":{"line":23,"column":4},"end":{"line":23,"column":5}},"loc":{"start":{"line":23,"column":20},"end":{"line":25,"column":5}},"line":23},"2":{"name":"(anonymous_2)","decl":{"start":{"line":26,"column":4},"end":{"line":26,"column":5}},"loc":{"start":{"line":26,"column":19},"end":{"line":28,"column":5}},"line":26},"3":{"name":"(anonymous_3)","decl":{"start":{"line":29,"column":4},"end":{"line":29,"column":5}},"loc":{"start":{"line":29,"column":17},"end":{"line":31,"column":5}},"line":29}},"branchMap":{},"s":{"0":1,"1":1,"2":0,"3":0,"4":0},"f":{"0":1,"1":0,"2":0,"3":0},"b":{},"_coverageSchema":"1a1c01bbd47fc00a2c39e90264f33305004495a9","hash":"362924c0ca39c871e8cd6023deeb5e2003ee1f6b"}
,"/Users/emma/Desktop/ProyectosPersonales/JestIntroduction/src/quotes/index.js": {"path":"/Users/emma/Desktop/ProyectosPersonales/JestIntroduction/src/quotes/index.js","statementMap":{"0":{"start":{"line":2,"column":25},"end":{"line":4,"column":1}},"1":{"start":{"line":3,"column":4},"end":{"line":3,"column":85}},"2":{"start":{"line":3,"column":21},"end":{"line":3,"column":77}},"3":{"start":{"line":6,"column":25},"end":{"line":12,"column":1}},"4":{"start":{"line":7,"column":4},"end":{"line":11,"column":6}},"5":{"start":{"line":8,"column":8},"end":{"line":10,"column":17}},"6":{"start":{"line":9,"column":12},"end":{"line":9,"column":74}}},"fnMap":{"0":{"name":"(anonymous_0)","decl":{"start":{"line":2,"column":25},"end":{"line":2,"column":26}},"loc":{"start":{"line":2,"column":33},"end":{"line":4,"column":1}},"line":2},"1":{"name":"(anonymous_1)","decl":{"start":{"line":3,"column":15},"end":{"line":3,"column":16}},"loc":{"start":{"line":3,"column":21},"end":{"line":3,"column":77}},"line":3},"2":{"name":"(anonymous_2)","decl":{"start":{"line":6,"column":25},"end":{"line":6,"column":26}},"loc":{"start":{"line":6,"column":31},"end":{"line":12,"column":1}},"line":6},"3":{"name":"(anonymous_3)","decl":{"start":{"line":7,"column":23},"end":{"line":7,"column":24}},"loc":{"start":{"line":7,"column":36},"end":{"line":11,"column":5}},"line":7},"4":{"name":"(anonymous_4)","decl":{"start":{"line":8,"column":19},"end":{"line":8,"column":20}},"loc":{"start":{"line":8,"column":25},"end":{"line":10,"column":9}},"line":8}},"branchMap":{},"s":{"0":1,"1":1,"2":1,"3":1,"4":3,"5":3,"6":3},"f":{"0":1,"1":1,"2":3,"3":3,"4":3},"b":{},"_coverageSchema":"1a1c01bbd47fc00a2c39e90264f33305004495a9","hash":"af00c419c0c6f82a51a249ef961a8abb1f1b68c0"}
}
